2024-07-22T13:24:50.167+02:00  INFO 18560 --- [main] ru.bublinoid.jdbc.JdbcApplication        : Starting JdbcApplication using Java 17.0.9 with PID 18560 (C:\Users\glebq\otus-home-work-pro\jdbc\build\classes\java\main started by glebq in C:\Users\glebq\otus-home-work-pro)
2024-07-22T13:24:50.169+02:00  INFO 18560 --- [main] ru.bublinoid.jdbc.JdbcApplication        : No active profile set, falling back to 1 default profile: "default"
2024-07-22T13:24:50.661+02:00  INFO 18560 --- [main] .s.d.r.c.RepositoryConfigurationDelegate : Bootstrapping Spring Data JDBC repositories in DEFAULT mode.
2024-07-22T13:24:50.702+02:00  INFO 18560 --- [main] .s.d.r.c.RepositoryConfigurationDelegate : Finished Spring Data repository scanning in 37 ms. Found 1 JDBC repository interface.
2024-07-22T13:24:51.042+02:00  INFO 18560 --- [main] o.s.b.w.embedded.tomcat.TomcatWebServer  : Tomcat initialized with port 8080 (http)
2024-07-22T13:24:51.051+02:00  INFO 18560 --- [main] o.apache.catalina.core.StandardService   : Starting service [Tomcat]
2024-07-22T13:24:51.051+02:00  INFO 18560 --- [main] o.apache.catalina.core.StandardEngine    : Starting Servlet engine: [Apache Tomcat/10.1.26]
2024-07-22T13:24:51.093+02:00  INFO 18560 --- [main] o.a.c.c.C.[Tomcat].[localhost].[/]       : Initializing Spring embedded WebApplicationContext
2024-07-22T13:24:51.094+02:00  INFO 18560 --- [main] w.s.c.ServletWebServerApplicationContext : Root WebApplicationContext: initialization completed in 881 ms
2024-07-22T13:24:51.193+02:00  INFO 18560 --- [main] com.zaxxer.hikari.HikariDataSource       : HikariPool-1 - Starting...
2024-07-22T13:24:51.287+02:00  INFO 18560 --- [main] com.zaxxer.hikari.pool.HikariPool        : HikariPool-1 - Added connection org.postgresql.jdbc.PgConnection@459003a0
2024-07-22T13:24:51.289+02:00  INFO 18560 --- [main] com.zaxxer.hikari.HikariDataSource       : HikariPool-1 - Start completed.
2024-07-22T13:24:51.701+02:00  INFO 18560 --- [main] o.s.b.w.embedded.tomcat.TomcatWebServer  : Tomcat started on port 8080 (http) with context path '/'
2024-07-22T13:24:51.708+02:00  INFO 18560 --- [main] ru.bublinoid.jdbc.JdbcApplication        : Started JdbcApplication in 2.079 seconds (process running for 2.553)
2024-07-22T13:25:28.669+02:00  INFO 18560 --- [http-nio-8080-exec-3] o.a.c.c.C.[Tomcat].[localhost].[/]       : Initializing Spring DispatcherServlet 'dispatcherServlet'
2024-07-22T13:25:28.670+02:00  INFO 18560 --- [http-nio-8080-exec-3] o.s.web.servlet.DispatcherServlet        : Initializing Servlet 'dispatcherServlet'
2024-07-22T13:25:28.671+02:00  INFO 18560 --- [http-nio-8080-exec-3] o.s.web.servlet.DispatcherServlet        : Completed initialization in 1 ms
2024-07-22T13:28:24.458+02:00  INFO 18560 --- [SpringApplicationShutdownHook] com.zaxxer.hikari.HikariDataSource       : HikariPool-1 - Shutdown initiated...
2024-07-22T13:28:24.461+02:00  INFO 18560 --- [SpringApplicationShutdownHook] com.zaxxer.hikari.HikariDataSource       : HikariPool-1 - Shutdown completed.
2024-07-22T13:28:26.548+02:00  INFO 17560 --- [main] ru.bublinoid.jdbc.JdbcApplication        : Starting JdbcApplication using Java 17.0.9 with PID 17560 (C:\Users\glebq\otus-home-work-pro\jdbc\build\classes\java\main started by glebq in C:\Users\glebq\otus-home-work-pro)
2024-07-22T13:28:26.550+02:00  INFO 17560 --- [main] ru.bublinoid.jdbc.JdbcApplication        : No active profile set, falling back to 1 default profile: "default"
2024-07-22T13:28:27.026+02:00  INFO 17560 --- [main] .s.d.r.c.RepositoryConfigurationDelegate : Bootstrapping Spring Data JDBC repositories in DEFAULT mode.
2024-07-22T13:28:27.061+02:00  INFO 17560 --- [main] .s.d.r.c.RepositoryConfigurationDelegate : Finished Spring Data repository scanning in 31 ms. Found 1 JDBC repository interface.
2024-07-22T13:28:27.418+02:00  INFO 17560 --- [main] o.s.b.w.embedded.tomcat.TomcatWebServer  : Tomcat initialized with port 8080 (http)
2024-07-22T13:28:27.426+02:00  INFO 17560 --- [main] o.apache.catalina.core.StandardService   : Starting service [Tomcat]
2024-07-22T13:28:27.426+02:00  INFO 17560 --- [main] o.apache.catalina.core.StandardEngine    : Starting Servlet engine: [Apache Tomcat/10.1.26]
2024-07-22T13:28:27.468+02:00  INFO 17560 --- [main] o.a.c.c.C.[Tomcat].[localhost].[/]       : Initializing Spring embedded WebApplicationContext
2024-07-22T13:28:27.469+02:00  INFO 17560 --- [main] w.s.c.ServletWebServerApplicationContext : Root WebApplicationContext: initialization completed in 881 ms
2024-07-22T13:28:27.565+02:00  INFO 17560 --- [main] com.zaxxer.hikari.HikariDataSource       : HikariPool-1 - Starting...
2024-07-22T13:28:27.662+02:00  INFO 17560 --- [main] com.zaxxer.hikari.pool.HikariPool        : HikariPool-1 - Added connection org.postgresql.jdbc.PgConnection@6e02721d
2024-07-22T13:28:27.664+02:00  INFO 17560 --- [main] com.zaxxer.hikari.HikariDataSource       : HikariPool-1 - Start completed.
2024-07-22T13:28:28.104+02:00  INFO 17560 --- [main] o.s.b.w.embedded.tomcat.TomcatWebServer  : Tomcat started on port 8080 (http) with context path '/'
2024-07-22T13:28:28.113+02:00  INFO 17560 --- [main] ru.bublinoid.jdbc.JdbcApplication        : Started JdbcApplication in 1.991 seconds (process running for 2.403)
2024-07-22T13:31:57.828+02:00  INFO 17560 --- [SpringApplicationShutdownHook] com.zaxxer.hikari.HikariDataSource       : HikariPool-1 - Shutdown initiated...
2024-07-22T13:31:57.831+02:00  INFO 17560 --- [SpringApplicationShutdownHook] com.zaxxer.hikari.HikariDataSource       : HikariPool-1 - Shutdown completed.
2024-07-22T13:32:00.117+02:00  INFO 14096 --- [main] ru.bublinoid.jdbc.JdbcApplication        : Starting JdbcApplication using Java 17.0.9 with PID 14096 (C:\Users\glebq\otus-home-work-pro\jdbc\build\classes\java\main started by glebq in C:\Users\glebq\otus-home-work-pro)
2024-07-22T13:32:00.119+02:00  INFO 14096 --- [main] ru.bublinoid.jdbc.JdbcApplication        : No active profile set, falling back to 1 default profile: "default"
2024-07-22T13:32:00.620+02:00  INFO 14096 --- [main] .s.d.r.c.RepositoryConfigurationDelegate : Bootstrapping Spring Data JDBC repositories in DEFAULT mode.
2024-07-22T13:32:00.667+02:00  INFO 14096 --- [main] .s.d.r.c.RepositoryConfigurationDelegate : Finished Spring Data repository scanning in 39 ms. Found 1 JDBC repository interface.
2024-07-22T13:32:01.005+02:00  INFO 14096 --- [main] o.s.b.w.embedded.tomcat.TomcatWebServer  : Tomcat initialized with port 8080 (http)
2024-07-22T13:32:01.014+02:00  INFO 14096 --- [main] o.apache.catalina.core.StandardService   : Starting service [Tomcat]
2024-07-22T13:32:01.014+02:00  INFO 14096 --- [main] o.apache.catalina.core.StandardEngine    : Starting Servlet engine: [Apache Tomcat/10.1.26]
2024-07-22T13:32:01.058+02:00  INFO 14096 --- [main] o.a.c.c.C.[Tomcat].[localhost].[/]       : Initializing Spring embedded WebApplicationContext
2024-07-22T13:32:01.058+02:00  INFO 14096 --- [main] w.s.c.ServletWebServerApplicationContext : Root WebApplicationContext: initialization completed in 900 ms
2024-07-22T13:32:01.142+02:00  INFO 14096 --- [main] com.zaxxer.hikari.HikariDataSource       : HikariPool-1 - Starting...
2024-07-22T13:32:01.240+02:00  INFO 14096 --- [main] com.zaxxer.hikari.pool.HikariPool        : HikariPool-1 - Added connection org.postgresql.jdbc.PgConnection@160b4809
2024-07-22T13:32:01.242+02:00  INFO 14096 --- [main] com.zaxxer.hikari.HikariDataSource       : HikariPool-1 - Start completed.
2024-07-22T13:32:01.738+02:00  INFO 14096 --- [main] o.s.b.w.embedded.tomcat.TomcatWebServer  : Tomcat started on port 8080 (http) with context path '/'
2024-07-22T13:32:01.745+02:00  INFO 14096 --- [main] ru.bublinoid.jdbc.JdbcApplication        : Started JdbcApplication in 2.105 seconds (process running for 2.516)
2024-07-22T13:32:10.564+02:00  INFO 14096 --- [http-nio-8080-exec-2] o.a.c.c.C.[Tomcat].[localhost].[/]       : Initializing Spring DispatcherServlet 'dispatcherServlet'
2024-07-22T13:32:10.564+02:00  INFO 14096 --- [http-nio-8080-exec-2] o.s.web.servlet.DispatcherServlet        : Initializing Servlet 'dispatcherServlet'
2024-07-22T13:32:10.565+02:00  INFO 14096 --- [http-nio-8080-exec-2] o.s.web.servlet.DispatcherServlet        : Completed initialization in 1 ms
2024-07-22T13:33:30.067+02:00  INFO 14096 --- [SpringApplicationShutdownHook] com.zaxxer.hikari.HikariDataSource       : HikariPool-1 - Shutdown initiated...
2024-07-22T13:33:30.070+02:00  INFO 14096 --- [SpringApplicationShutdownHook] com.zaxxer.hikari.HikariDataSource       : HikariPool-1 - Shutdown completed.
